<?xml version="1.0" encoding="UTF-8"?>
<!-- Generated by org.testng.reporters.JUnitReportReporter -->
<testsuite skipped="0" hostname="LHL013" name="com.tng.sang" tests="2" failures="0" timestamp="06 Feb 2018 12:11:31 GMT" time="0.001" errors="0">
  <testcase name="cMethod" time="0.001" classname="com.tng.sang"/>
  <testcase name="dMethod" time="0.000" classname="com.tng.sang"/>
</testsuite> <!-- com.tng.sang -->
