<?xml version="1.0" encoding="UTF-8"?>
<!-- Generated by org.testng.reporters.JUnitReportReporter -->
<testsuite skipped="0" hostname="LHL013" name="com.tng.Tang" tests="3" failures="0" timestamp="06 Feb 2018 12:11:31 GMT" time="0.006" errors="0">
  <testcase name="Aone" time="0.004" classname="com.tng.Tang"/>
  <testcase name="Bone" time="0.001" classname="com.tng.Tang"/>
  <testcase name="Cone" time="0.001" classname="com.tng.Tang"/>
</testsuite> <!-- com.tng.Tang -->
