<?xml version="1.0" encoding="UTF-8"?>
<!-- Generated by org.testng.reporters.JUnitReportReporter -->
<testsuite skipped="0" hostname="LHL013" name="com.tng.Tangb" tests="2" failures="0" timestamp="06 Feb 2018 11:54:13 GMT" time="0.005" errors="0">
  <testcase name="dMethod" time="0.001" classname="com.tng.Tangb"/>
  <testcase name="cMethod" time="0.004" classname="com.tng.Tangb"/>
</testsuite> <!-- com.tng.Tangb -->
